2023-05-18T16:59:15+00:00 DEBUG POST: https://business-api.tiktok.com/open_api/v1.2/tbp/business_profile/disconnect/

{"external_business_id":false,"business_platform":"WOO_COMMERCE","is_setup_page":0,"app_id":false}
 ajax: no
2023-05-18T16:59:16+00:00 DEBUG Tt4b_Mapi_Class::mapi_post: Response: 

HTTP/1.1 200 OK
Server: nginx
Content-Type: application/json; charset=utf-8
Content-Length: 103
X-Api-Deprecation-Info: API for Business Version 1.3 is now live. To avoid disruption to your business, we recommend you migrate all calls to v1.3 as soon as possible. Please visit our migration guide for more details: https://ads.tiktok.com/marketing_api/docs?id=1740029169927169
X-Domain-Change-Info: We have moved to the new domain business-api.tiktok.com for API services after the Platform Upgrade on 09/30/2021. Please update all of your requests with the new domain if you haven't done so already. For more information, please visit https://ads.tiktok.com/marketing_api/docs?rid=esb88xalm6m&id=1709207085043713
X-Tt-Logid: 20230518165912BCE5E09983AC3E0D3C27
x-tt-trace-host: 01ccf7f8ccc71de1a1bc154ad691404ddf38f5134a4374395bc040809e024416fae558cface18b0905b2d2e0a1359a4065cafd885eecd616e583553f5c2a74fe41e67fb0fb7a69f87d6666aaed3f644716efd29ac1778a0915b24203729565983eae9a34ca3f75d3740539c454a73280b0
X-Origin-Response-Time: 9,23.202.33.47
X-Akamai-Request-ID: 3c0d16f.5e351cc
Expires: Thu, 18 May 2023 16:59:13 GMT
Cache-Control: max-age=0, no-cache, no-store
Pragma: no-cache
Date: Thu, 18 May 2023 16:59:13 GMT
X-Cache: TCP_MISS from a96-16-85-139.deploy.akamaitechnologies.com (AkamaiGHost/11.0.4.1-48141169) (-)
Connection: close
X-Cache-Remote: TCP_MISS from a23-202-33-47.deploy.akamaitechnologies.com (AkamaiGHost/11.1.0-48603064) (-)
x-tt-trace-tag: id=16;cdn-cache=miss;type=dyn
Server-Timing: cdn-cache; desc=MISS, edge; dur=156, origin; dur=9
Server-Timing: inner; dur=6
X-Parent-Response-Time: 163,96.16.85.139

{"code":40104,"message":"The access_token is empty.","request_id":"20230518165912BCE5E09983AC3E0D3C27"}

2023-05-18T16:59:16+00:00 DEBUG POST: https://business-api.tiktok.com/tbp/v2.0/shop/connection/disconnect?external_data=

--- EMPTY STRING ---
 ajax: no
2023-05-18T16:59:16+00:00 DEBUG Tt4b_Mapi_Class::tts_shop_disconnect: Response: 

HTTP/1.1 200 OK
Server: nginx
Content-Type: application/json; charset=utf-8
Content-Length: 95
X-Api-Deprecation-Info: API for Business Version 1.3 is now live. To avoid disruption to your business, we recommend you migrate all calls to v1.3 as soon as possible. Please visit our migration guide for more details: https://ads.tiktok.com/marketing_api/docs?id=1740029169927169
X-Domain-Change-Info: We have moved to the new domain business-api.tiktok.com for API services after the Platform Upgrade on 09/30/2021. Please update all of your requests with the new domain if you haven't done so already. For more information, please visit https://ads.tiktok.com/marketing_api/docs?rid=esb88xalm6m&id=1709207085043713
X-Tt-Logid: 2023051816591356EECEF4498BBF0C4642
x-tt-trace-host: 01ccf7f8ccc71de1a1bc154ad691404ddf3bd3b879dd5be1fa8dac1f85d71ffdf84de0e0407c0501b3b6e0deb323cbc2dc3958c7b26797c0b843fb2c673f8a565b55baf92a2e331e23f698e820ac047664c564a08eeb118560f74786ef326da4220fdb901f4a1d091d16c1f98cb462ec5b
X-Origin-Response-Time: 12,23.59.168.13
X-Akamai-Request-ID: 29396995.5e35ff0
Expires: Thu, 18 May 2023 16:59:14 GMT
Cache-Control: max-age=0, no-cache, no-store
Pragma: no-cache
Date: Thu, 18 May 2023 16:59:14 GMT
X-Cache: TCP_MISS from a96-16-85-139.deploy.akamaitechnologies.com (AkamaiGHost/11.0.4.1-48141169) (-)
Connection: close
X-Cache-Remote: TCP_MISS from a23-59-168-13.deploy.akamaitechnologies.com (AkamaiGHost/11.1.0-48603064) (-)
x-tt-trace-tag: id=16;cdn-cache=miss;type=dyn
Server-Timing: cdn-cache; desc=MISS, edge; dur=159, origin; dur=12
Server-Timing: inner; dur=8
X-Parent-Response-Time: 168,96.16.85.139

{"code":40001,"message":"Permission denied.","request_id":"2023051816591356EECEF4498BBF0C4642"}

